app/build/outputs/logs/manifest-merger-debug-report.txt
-- Merging decision tree log ---
manifest
ADDED from src\main\AndroidManifest.xml:41:1-69:12
	package
		ADDED from src\main\AndroidManifest.xml:42:11-51
		INJECTED from src\main\AndroidManifest.xml
		INJECTED from src\main\AndroidManifest.xml
	android:versionName
		ADDED from src\main\AndroidManifest.xml:44:11-36
		INJECTED from src\main\AndroidManifest.xml
		INJECTED from src\main\AndroidManifest.xml
	android:versionCode
		ADDED from src\main\AndroidManifest.xml:43:11-34
		INJECTED from src\main\AndroidManifest.xml
		INJECTED from src\main\AndroidManifest.xml
	xmlns:android
		ADDED from src\main\AndroidManifest.xml:41:11-69
uses-sdk
ADDED from src\main\AndroidManifest.xml:45:5-47:41
	android:targetSdkVersion
		ADDED from src\main\AndroidManifest.xml:47:9-38
		INJECTED from src\main\AndroidManifest.xml
		INJECTED from src\main\AndroidManifest.xml
	android:minSdkVersion
		ADDED from src\main\AndroidManifest.xml:46:9-35
		INJECTED from src\main\AndroidManifest.xml
		INJECTED from src\main\AndroidManifest.xml
application
ADDED from src\main\AndroidManifest.xml:48:5-68:19
	android:label
		ADDED from src\main\AndroidManifest.xml:48:18-50
	android:icon
		ADDED from src\main\AndroidManifest.xml:48:51-87
activity#batfai.samuentropy.brainboard8.NeuronGameActivity
ADDED from src\main\AndroidManifest.xml:49:9-55:20
	android:label
		ADDED from src\main\AndroidManifest.xml:50:19-51
	android:theme
		ADDED from src\main\AndroidManifest.xml:50:52-95
	android:name
		ADDED from src\main\AndroidManifest.xml:49:19-52
intent-filter#android.intent.action.MAIN+android.intent.category.DEFAULT
ADDED from src\main\AndroidManifest.xml:51:13-54:29
action#android.intent.action.MAIN
ADDED from src\main\AndroidManifest.xml:52:17-69
	android:name
		ADDED from src\main\AndroidManifest.xml:52:25-66
category#android.intent.category.DEFAULT
ADDED from src\main\AndroidManifest.xml:53:17-76
	android:name
		ADDED from src\main\AndroidManifest.xml:53:27-73
activity#batfai.samuentropy.brainboard8.SplashActivity
ADDED from src\main\AndroidManifest.xml:56:8-61:20
	android:theme
		ADDED from src\main\AndroidManifest.xml:56:48-91
	android:name
		ADDED from src\main\AndroidManifest.xml:56:18-47
intent-filter#android.intent.action.MAIN+android.intent.category.LAUNCHER
ADDED from src\main\AndroidManifest.xml:57:13-60:29
category#android.intent.category.LAUNCHER
ADDED from src\main\AndroidManifest.xml:59:17-86
	android:name
		ADDED from src\main\AndroidManifest.xml:59:27-74
activity#batfai.samuentropy.brainboard8.NodeActivity
ADDED from src\main\AndroidManifest.xml:62:16-67:20
	android:theme
		ADDED from src\main\AndroidManifest.xml:62:54-97
	android:name
		ADDED from src\main\AndroidManifest.xml:62:26-53